<?xml version="1.0" encoding="UTF-8"?>
<!-- Generated by org.testng.reporters.JUnitReportReporter -->
<testsuite hostname="NARAYANA" failures="0" tests="1" name="responseValidation.StaticResponseValidation" time="2.390" errors="0" timestamp="2022-04-21T11:55:32 IST" skipped="0">
  <testcase classname="responseValidation.StaticResponseValidation" name="staticResValid" time="2.390"/>
  <system-out/>
</testsuite> <!-- responseValidation.StaticResponseValidation -->
