<?xml version="1.0" encoding="UTF-8"?>
<!-- Generated by org.testng.reporters.JUnitReportReporter -->
<testsuite hostname="NARAYANA" failures="0" tests="1" name="CrudOpretionwithoutBDD.GetAllProject" time="1.599" errors="0" timestamp="2022-04-21T11:57:43 IST" skipped="0">
  <testcase classname="CrudOpretionwithoutBDD.GetAllProject" name="getAllProject" time="1.599"/>
  <system-out/>
</testsuite> <!-- CrudOpretionwithoutBDD.GetAllProject -->
