<?xml version="1.0" encoding="UTF-8"?>
<!-- Generated by org.testng.reporters.JUnitReportReporter -->
<testsuite hostname="NARAYANA" failures="0" tests="1" name="authentication.Oauth2_0" time="5.621" errors="0" timestamp="2022-04-21T18:00:10 IST" skipped="0">
  <testcase classname="authentication.Oauth2_0" name="oauth2" time="5.621"/>
  <system-out/>
</testsuite> <!-- authentication.Oauth2_0 -->
