<?xml version="1.0" encoding="UTF-8"?>
<!-- Generated by org.testng.reporters.JUnitReportReporter -->
<testsuite hostname="NARAYANA" failures="0" tests="1" name="Parameter.PathParameterTest" time="1.617" errors="0" timestamp="2022-04-21T13:46:50 IST" skipped="0">
  <testcase classname="Parameter.PathParameterTest" name="parhParameter" time="1.617"/>
  <system-out/>
</testsuite> <!-- Parameter.PathParameterTest -->
