<?xml version="1.0" encoding="UTF-8"?>
<!-- Generated by org.testng.reporters.JUnitReportReporter -->
<testsuite hostname="NARAYANA" failures="0" tests="1" name="requestChainning.CreateAndGet" time="2.548" errors="0" timestamp="2022-04-21T15:45:34 IST" skipped="0">
  <testcase classname="requestChainning.CreateAndGet" name="createAndGet" time="2.548"/>
  <system-out/>
</testsuite> <!-- requestChainning.CreateAndGet -->
