<?xml version="1.0" encoding="UTF-8"?>
<!-- Generated by org.testng.reporters.JUnitReportReporter -->
<testsuite hostname="NARAYANA" failures="0" tests="1" name="responseValidation.DyanamicResponseValidation" time="2.029" errors="0" timestamp="2022-04-21T11:37:37 IST" skipped="0">
  <testcase classname="responseValidation.DyanamicResponseValidation" name="dynamicRespValidation" time="2.029"/>
  <system-out/>
</testsuite> <!-- responseValidation.DyanamicResponseValidation -->
