<?xml version="1.0" encoding="UTF-8"?>
<!-- Generated by org.testng.reporters.JUnitReportReporter -->
<testsuite hostname="NARAYANA" failures="0" tests="1" name="CrudOpretionwithoutBDD.GetSingleProject" time="1.568" errors="0" timestamp="2022-04-20T12:57:07 IST" skipped="0">
  <testcase classname="CrudOpretionwithoutBDD.GetSingleProject" name="getSingleProject" time="1.568"/>
  <system-out/>
</testsuite> <!-- CrudOpretionwithoutBDD.GetSingleProject -->
