<?xml version="1.0" encoding="UTF-8"?>
<!-- Generated by org.testng.reporters.JUnitReportReporter -->
<testsuite hostname="NARAYANA" failures="0" tests="1" name="DifferentWaysToPost.CreateObjectUsingHashMap" time="2.084" errors="0" timestamp="2022-04-20T17:02:30 IST" skipped="0">
  <testcase classname="DifferentWaysToPost.CreateObjectUsingHashMap" name="createObjHashMap" time="2.084"/>
  <system-out/>
</testsuite> <!-- DifferentWaysToPost.CreateObjectUsingHashMap -->
