<?xml version="1.0" encoding="UTF-8"?>
<!-- Generated by org.testng.reporters.JUnitReportReporter -->
<testsuite hostname="NARAYANA" failures="0" tests="1" name="CrudOpretionwithoutBDD.UpdateProject" time="1.986" errors="0" timestamp="2022-04-20T12:58:30 IST" skipped="0">
  <testcase classname="CrudOpretionwithoutBDD.UpdateProject" name="updatrProject" time="1.986"/>
  <system-out/>
</testsuite> <!-- CrudOpretionwithoutBDD.UpdateProject -->
