<?xml version="1.0" encoding="UTF-8"?>
<!-- Generated by org.testng.reporters.JUnitReportReporter -->
<testsuite hostname="NARAYANA" failures="0" tests="1" name="CrudOpretionwithoutBDD.getAllProjectWithoutBDD" time="1.636" errors="0" timestamp="20 Apr 2022 05:33:34 GMT">
  <testcase classname="CrudOpretionwithoutBDD.getAllProjectWithoutBDD" name="getAllProject" time="1.636"/>
</testsuite> <!-- CrudOpretionwithoutBDD.getAllProjectWithoutBDD -->
