<?xml version="1.0" encoding="UTF-8"?>
<!-- Generated by org.testng.reporters.JUnitReportReporter -->
<testsuite hostname="NARAYANA" failures="0" tests="3" name="DataDrivenTesting.CreateProjectWithMultipleData" time="1.978" errors="0" timestamp="2022-04-21T13:44:44 IST" skipped="0">
  <testcase classname="DataDrivenTesting.CreateProjectWithMultipleData" name="createProjectWithMultipleData" time="0.031"/>
  <system-out/>
  <testcase classname="DataDrivenTesting.CreateProjectWithMultipleData" name="createProjectWithMultipleData" time="0.036"/>
  <system-out/>
  <testcase classname="DataDrivenTesting.CreateProjectWithMultipleData" name="createProjectWithMultipleData" time="1.911"/>
  <system-out/>
</testsuite> <!-- DataDrivenTesting.CreateProjectWithMultipleData -->
