<?xml version="1.0" encoding="UTF-8"?>
<!-- Generated by org.testng.reporters.JUnitReportReporter -->
<testsuite hostname="NARAYANA" failures="0" tests="1" name="requestChainning.CreateAndDelete" time="2.599" errors="0" timestamp="2022-04-21T15:51:58 IST" skipped="0">
  <testcase classname="requestChainning.CreateAndDelete" name="createAndDelet" time="2.599"/>
  <system-out/>
</testsuite> <!-- requestChainning.CreateAndDelete -->
