<?xml version="1.0" encoding="UTF-8"?>
<!-- Generated by org.testng.reporters.JUnitReportReporter -->
<testsuite hostname="NARAYANA" failures="0" tests="1" name="CrudOpretionWithBDD.CreateProjectTest" time="1.267" errors="0" timestamp="2022-04-20T14:38:08 IST" skipped="0">
  <testcase classname="CrudOpretionWithBDD.CreateProjectTest" name="createProject" time="1.267"/>
  <system-out/>
</testsuite> <!-- CrudOpretionWithBDD.CreateProjectTest -->
