<?xml version="1.0" encoding="UTF-8"?>
<!-- Generated by org.testng.reporters.JUnitReportReporter -->
<testsuite hostname="NARAYANA" failures="0" tests="1" name="CrudOpretionwithoutBDD.CreatProjectTest" time="2.090" errors="0" timestamp="2022-04-20T12:22:13 IST" skipped="0">
  <testcase classname="CrudOpretionwithoutBDD.CreatProjectTest" name="createProjectTest" time="2.090"/>
  <system-out/>
</testsuite> <!-- CrudOpretionwithoutBDD.CreatProjectTest -->
