<?xml version="1.0" encoding="UTF-8"?>
<!-- Generated by org.testng.reporters.JUnitReportReporter -->
<testsuite hostname="NARAYANA" failures="0" tests="1" name="responseValidation.ResponseTimeValidation" time="1.628" errors="0" timestamp="2022-04-21T12:37:54 IST" skipped="0">
  <testcase classname="responseValidation.ResponseTimeValidation" name="responseTimeValid" time="1.628"/>
  <system-out/>
</testsuite> <!-- responseValidation.ResponseTimeValidation -->
