<?xml version="1.0" encoding="UTF-8"?>
<!-- Generated by org.testng.reporters.JUnitReportReporter -->
<testsuite hostname="NARAYANA" failures="0" tests="1" name="CrudOpretionwithoutBDD.SampleProjectTest" time="1.688" errors="0" timestamp="19 Apr 2022 11:51:24 GMT">
  <testcase classname="CrudOpretionwithoutBDD.SampleProjectTest" name="sampleProjectTest" time="1.688"/>
</testsuite> <!-- CrudOpretionwithoutBDD.SampleProjectTest -->
