<?xml version="1.0" encoding="UTF-8"?>
<!-- Generated by org.testng.reporters.JUnitReportReporter -->
<testsuite hostname="NARAYANA" failures="0" tests="1" name="Parameter.QueryString" time="4.810" errors="0" timestamp="2022-04-21T15:09:15 IST" skipped="0">
  <testcase classname="Parameter.QueryString" name="queryString" time="4.810"/>
  <system-out/>
</testsuite> <!-- Parameter.QueryString -->
