<?xml version="1.0" encoding="UTF-8"?>
<!-- Generated by org.testng.reporters.JUnitReportReporter -->
<testsuite hostname="NARAYANA" failures="0" tests="1" name="authentication.BaererToken" time="4.873" errors="0" timestamp="2022-04-21T16:55:35 IST" skipped="0">
  <testcase classname="authentication.BaererToken" name="bearerToken" time="4.873"/>
  <system-out/>
</testsuite> <!-- authentication.BaererToken -->
