<?xml version="1.0" encoding="UTF-8"?>
<!-- Generated by org.testng.reporters.JUnitReportReporter -->
<testsuite hostname="NARAYANA" failures="0" tests="3" name="authentication.BasicAuth" time="2.269" errors="0" timestamp="2022-04-21T16:40:48 IST" skipped="0">
  <testcase classname="authentication.BasicAuth" name="digestAuth" time="0.150"/>
  <system-out/>
  <testcase classname="authentication.BasicAuth" name="premetiveAuth" time="0.153"/>
  <system-out/>
  <testcase classname="authentication.BasicAuth" name="basicAuth" time="1.966"/>
  <system-out/>
</testsuite> <!-- authentication.BasicAuth -->
