<?xml version="1.0" encoding="UTF-8"?>
<!-- Generated by org.testng.reporters.JUnitReportReporter -->
<testsuite hostname="NARAYANA" failures="0" tests="1" name="rmgyantraFramework.CreateProjectAndVarifyDataBase" time="1.161" errors="0" timestamp="2022-04-22T15:20:36 IST" skipped="0">
  <testcase classname="rmgyantraFramework.CreateProjectAndVarifyDataBase" name="createProjectAndVarifyDataBase" time="1.161"/>
  <system-out/>
</testsuite> <!-- rmgyantraFramework.CreateProjectAndVarifyDataBase -->
