<?xml version="1.0" encoding="UTF-8"?>
<!-- Generated by org.testng.reporters.JUnitReportReporter -->
<testsuite hostname="NARAYANA" failures="0" tests="1" name="Parameter.FormParameter" time="1.653" errors="0" timestamp="2022-04-21T14:56:43 IST" skipped="0">
  <testcase classname="Parameter.FormParameter" name="formParameter" time="1.653"/>
  <system-out/>
</testsuite> <!-- Parameter.FormParameter -->
