<?xml version="1.0" encoding="UTF-8"?>
<!-- Generated by org.testng.reporters.JUnitReportReporter -->
<testsuite hostname="NARAYANA" failures="0" tests="1" name="CrudOpretionWithBDD.DeletProject" time="1.087" errors="0" timestamp="2022-04-20T15:18:29 IST" skipped="0">
  <testcase classname="CrudOpretionWithBDD.DeletProject" name="deletProject" time="1.087"/>
  <system-out/>
</testsuite> <!-- CrudOpretionWithBDD.DeletProject -->
