<?xml version="1.0" encoding="UTF-8"?>
<!-- Generated by org.testng.reporters.JUnitReportReporter -->
<testsuite hostname="NARAYANA" failures="0" tests="3" name="DataProvider.CreateProjectWithMultipleData" time="2.011" errors="0" timestamp="2022-04-21T13:21:51 IST" skipped="0">
  <testcase classname="DataProvider.CreateProjectWithMultipleData" name="createProjectWithMultipleData" time="1.920"/>
  <system-out/>
  <testcase classname="DataProvider.CreateProjectWithMultipleData" name="createProjectWithMultipleData" time="0.056"/>
  <system-out/>
  <testcase classname="DataProvider.CreateProjectWithMultipleData" name="createProjectWithMultipleData" time="0.035"/>
  <system-out/>
</testsuite> <!-- DataProvider.CreateProjectWithMultipleData -->
