<?xml version="1.0" encoding="UTF-8"?>
<!-- Generated by org.testng.reporters.JUnitReportReporter -->
<testsuite hostname="NARAYANA" failures="0" tests="1" name="DifferentWaysToPost.CreateObjectUsingPojo" time="2.223" errors="0" timestamp="2022-04-20T16:38:47 IST" skipped="0">
  <testcase classname="DifferentWaysToPost.CreateObjectUsingPojo" name="createObjPojo" time="2.223"/>
  <system-out/>
</testsuite> <!-- DifferentWaysToPost.CreateObjectUsingPojo -->
